Started at Thu Nov 11 20:35:40 UTC 2021
Processing Job1
Offering Job1 to Project Build Discarder
Processing Panda_application
Offering Panda_application to Project Build Discarder
Processing PandaAppPipeline
Offering PandaAppPipeline to Project Build Discarder
Finished at Thu Nov 11 20:35:40 UTC 2021. 20ms
Started at Thu Nov 11 21:35:40 UTC 2021
Processing Job1
Offering Job1 to Project Build Discarder
Processing Panda_application
Offering Panda_application to Project Build Discarder
Processing PandaAppPipeline
Offering PandaAppPipeline to Project Build Discarder
Finished at Thu Nov 11 21:35:40 UTC 2021. 1ms
Started at Thu Nov 11 22:35:40 UTC 2021
Processing Job1
Offering Job1 to Project Build Discarder
Processing Panda_application
Offering Panda_application to Project Build Discarder
Processing PandaAppPipeline
Offering PandaAppPipeline to Project Build Discarder
Finished at Thu Nov 11 22:35:40 UTC 2021. 3ms
Started at Thu Nov 11 23:35:40 UTC 2021
Processing Job1
Offering Job1 to Project Build Discarder
Processing Panda_application
Offering Panda_application to Project Build Discarder
Processing PandaAppPipeline
Offering PandaAppPipeline to Project Build Discarder
Finished at Thu Nov 11 23:35:40 UTC 2021. 4ms
Started at Fri Nov 12 00:35:40 UTC 2021
Processing Job1
Offering Job1 to Project Build Discarder
Processing Panda_application
Offering Panda_application to Project Build Discarder
Processing PandaAppPipeline
Offering PandaAppPipeline to Project Build Discarder
Finished at Fri Nov 12 00:35:40 UTC 2021. 2ms
Started at Fri Nov 12 01:35:40 UTC 2021
Processing Job1
Offering Job1 to Project Build Discarder
Processing Panda_application
Offering Panda_application to Project Build Discarder
Processing PandaAppPipeline
Offering PandaAppPipeline to Project Build Discarder
Finished at Fri Nov 12 01:35:40 UTC 2021. 3ms
Started at Fri Nov 12 02:35:40 UTC 2021
Processing Job1
Offering Job1 to Project Build Discarder
Processing Panda_application
Offering Panda_application to Project Build Discarder
Processing PandaAppPipeline
Offering PandaAppPipeline to Project Build Discarder
Finished at Fri Nov 12 02:35:40 UTC 2021. 2ms
Started at Fri Nov 12 03:35:40 UTC 2021
Processing Job1
Offering Job1 to Project Build Discarder
Processing Panda_application
Offering Panda_application to Project Build Discarder
Processing PandaAppPipeline
Offering PandaAppPipeline to Project Build Discarder
Finished at Fri Nov 12 03:35:40 UTC 2021. 4ms
Started at Fri Nov 12 04:35:40 UTC 2021
Processing Job1
Offering Job1 to Project Build Discarder
Processing Panda_application
Offering Panda_application to Project Build Discarder
Processing PandaAppPipeline
Offering PandaAppPipeline to Project Build Discarder
Finished at Fri Nov 12 04:35:40 UTC 2021. 4ms
Started at Fri Nov 12 05:35:40 UTC 2021
Processing Job1
Offering Job1 to Project Build Discarder
Processing Panda_application
Offering Panda_application to Project Build Discarder
Processing PandaAppPipeline
Offering PandaAppPipeline to Project Build Discarder
Finished at Fri Nov 12 05:35:40 UTC 2021. 3ms
