2021-11-05T19:03:57.330Z [jfmd ] [INFO ] [1e68add9d9255fa1] [security_keys.go:149          ] [main                ] - Master key is missing. Pending for 5 seconds with 2m0s timeout [init]
2021-11-05T19:04:02.339Z [jfmd ] [INFO ] [1e68add9d9255fa1] [security_keys.go:149          ] [main                ] - Master key is missing. Pending for 10 seconds with 2m0s timeout [init]
2021-11-05T19:04:07.347Z [jfmd ] [INFO ] [1e68add9d9255fa1] [security_keys.go:149          ] [main                ] - Master key is missing. Pending for 15 seconds with 2m0s timeout [init]
2021-11-05T19:04:12.374Z [jfmd ] [INFO ] [1e68add9d9255fa1] [security_keys.go:149          ] [main                ] - Master key is missing. Pending for 20 seconds with 2m0s timeout [init]
2021-11-05T19:04:17.403Z [jfmd ] [INFO ] [1e68add9d9255fa1] [security_keys.go:149          ] [main                ] - Master key is missing. Pending for 25 seconds with 2m0s timeout [init]
2021-11-05T19:04:22.421Z [jfmd ] [INFO ] [1e68add9d9255fa1] [security_keys.go:149          ] [main                ] - Master key is missing. Pending for 30 seconds with 2m0s timeout [init]
2021-11-05T19:04:27.448Z [jfmd ] [INFO ] [1e68add9d9255fa1] [security_keys.go:149          ] [main                ] - Master key is missing. Pending for 35 seconds with 2m0s timeout [init]
2021-11-05T19:04:32.482Z [jfmd ] [INFO ] [1e68add9d9255fa1] [security_keys.go:149          ] [main                ] - Master key is missing. Pending for 40 seconds with 2m0s timeout [init]
2021-11-05T19:04:37.503Z [jfmd ] [INFO ] [1e68add9d9255fa1] [security_keys.go:149          ] [main                ] - Master key is missing. Pending for 45 seconds with 2m0s timeout [init]
2021-11-05T19:04:42.513Z [jfmd ] [INFO ] [1e68add9d9255fa1] [security_keys.go:149          ] [main                ] - Master key is missing. Pending for 50 seconds with 2m0s timeout [init]
2021-11-05T19:04:47.519Z [jfmd ] [INFO ] [1e68add9d9255fa1] [security_keys.go:149          ] [main                ] - Master key is missing. Pending for 55 seconds with 2m0s timeout [init]
2021-11-05T19:04:52.539Z [jfmd ] [INFO ] [1e68add9d9255fa1] [security_keys.go:149          ] [main                ] - Master key is missing. Pending for 60 seconds with 2m0s timeout [init]
2021-11-05T19:04:57.589Z [jfmd ] [INFO ] [1e68add9d9255fa1] [security_keys.go:149          ] [main                ] - Master key is missing. Pending for 65 seconds with 2m0s timeout [init]
2021-11-05T19:05:02.601Z [jfmd ] [INFO ] [1e68add9d9255fa1] [security_keys.go:149          ] [main                ] - Master key is missing. Pending for 70 seconds with 2m0s timeout [init]
2021-11-05T19:05:15.043Z [jfmd ] [INFO ] [55c758f64b64a024] [security_keys.go:149          ] [main                ] - Master key is missing. Pending for 5 seconds with 2m0s timeout [init]
2021-11-05T19:05:20.047Z [jfmd ] [INFO ] [55c758f64b64a024] [security_keys.go:149          ] [main                ] - Master key is missing. Pending for 10 seconds with 2m0s timeout [init]
2021-11-05T19:05:25.071Z [jfmd ] [INFO ] [55c758f64b64a024] [security_keys.go:149          ] [main                ] - Master key is missing. Pending for 15 seconds with 2m0s timeout [init]
2021-11-05T19:05:30.086Z [jfmd ] [INFO ] [55c758f64b64a024] [security_keys.go:149          ] [main                ] - Master key is missing. Pending for 20 seconds with 2m0s timeout [init]
2021-11-05T19:05:35.108Z [jfmd ] [INFO ] [55c758f64b64a024] [security_keys.go:149          ] [main                ] - Master key is missing. Pending for 25 seconds with 2m0s timeout [init]
2021-11-05T19:05:40.112Z [jfmd ] [INFO ] [55c758f64b64a024] [security_keys.go:149          ] [main                ] - Master key is missing. Pending for 30 seconds with 2m0s timeout [init]
2021-11-05T19:05:45.114Z [jfmd ] [INFO ] [55c758f64b64a024] [security_keys.go:149          ] [main                ] - Master key is missing. Pending for 35 seconds with 2m0s timeout [init]
2021-11-05T19:05:50.127Z [jfmd ] [INFO ] [55c758f64b64a024] [security_keys.go:149          ] [main                ] - Master key is missing. Pending for 40 seconds with 2m0s timeout [init]
2021-11-05T19:05:55.147Z [jfmd ] [INFO ] [55c758f64b64a024] [security_keys.go:149          ] [main                ] - Master key is missing. Pending for 45 seconds with 2m0s timeout [init]
2021-11-05T19:06:00.151Z [jfmd ] [INFO ] [55c758f64b64a024] [security_keys.go:149          ] [main                ] - Master key is missing. Pending for 50 seconds with 2m0s timeout [init]
2021-11-05T19:06:05.165Z [jfmd ] [INFO ] [55c758f64b64a024] [security_keys.go:149          ] [main                ] - Master key is missing. Pending for 55 seconds with 2m0s timeout [init]
2021-11-05T19:06:10.199Z [jfmd ] [INFO ] [55c758f64b64a024] [security_keys.go:149          ] [main                ] - Master key is missing. Pending for 60 seconds with 2m0s timeout [init]
2021-11-05T19:06:15.212Z [jfmd ] [INFO ] [55c758f64b64a024] [security_keys.go:149          ] [main                ] - Master key is missing. Pending for 65 seconds with 2m0s timeout [init]
2021-11-05T19:06:20.326Z [jfmd ] [INFO ] [55c758f64b64a024] [security_keys.go:149          ] [main                ] - Master key is missing. Pending for 70 seconds with 2m0s timeout [init]
2021-11-05T19:06:25.367Z [jfmd ] [INFO ] [55c758f64b64a024] [security_keys.go:149          ] [main                ] - Master key is missing. Pending for 75 seconds with 2m0s timeout [init]
2021-11-05T19:06:30.400Z [jfmd ] [INFO ] [55c758f64b64a024] [security_keys.go:149          ] [main                ] - Master key is missing. Pending for 80 seconds with 2m0s timeout [init]
2021-11-05T19:06:35.407Z [jfmd ] [INFO ] [55c758f64b64a024] [security_keys.go:149          ] [main                ] - Master key is missing. Pending for 85 seconds with 2m0s timeout [init]
2021-11-05T19:06:49.384Z [jfmd ] [INFO ] [605146513f32152c] [security_keys.go:149          ] [main                ] - Master key is missing. Pending for 5 seconds with 2m0s timeout [init]
2021-11-05T19:06:54.394Z [jfmd ] [INFO ] [605146513f32152c] [security_keys.go:149          ] [main                ] - Master key is missing. Pending for 10 seconds with 2m0s timeout [init]
2021-11-05T19:06:59.398Z [jfmd ] [INFO ] [605146513f32152c] [security_keys.go:149          ] [main                ] - Master key is missing. Pending for 15 seconds with 2m0s timeout [init]
2021-11-05T19:07:04.401Z [jfmd ] [INFO ] [605146513f32152c] [security_keys.go:149          ] [main                ] - Master key is missing. Pending for 20 seconds with 2m0s timeout [init]
2021-11-05T19:07:09.411Z [jfmd ] [INFO ] [605146513f32152c] [security_keys.go:149          ] [main                ] - Master key is missing. Pending for 25 seconds with 2m0s timeout [init]
2021-11-05T19:07:14.417Z [jfmd ] [INFO ] [605146513f32152c] [security_keys.go:149          ] [main                ] - Master key is missing. Pending for 30 seconds with 2m0s timeout [init]
2021-11-05T19:07:19.422Z [jfmd ] [INFO ] [605146513f32152c] [security_keys.go:149          ] [main                ] - Master key is missing. Pending for 35 seconds with 2m0s timeout [init]
2021-11-05T19:07:24.453Z [jfmd ] [INFO ] [605146513f32152c] [security_keys.go:149          ] [main                ] - Master key is missing. Pending for 40 seconds with 2m0s timeout [init]
2021-11-05T19:07:29.484Z [jfmd ] [INFO ] [605146513f32152c] [security_keys.go:149          ] [main                ] - Master key is missing. Pending for 45 seconds with 2m0s timeout [init]
2021-11-05T19:07:34.493Z [jfmd ] [INFO ] [605146513f32152c] [security_keys.go:149          ] [main                ] - Master key is missing. Pending for 50 seconds with 2m0s timeout [init]
2021-11-05T19:07:39.521Z [jfmd ] [INFO ] [605146513f32152c] [security_keys.go:149          ] [main                ] - Master key is missing. Pending for 55 seconds with 2m0s timeout [init]
2021-11-05T19:07:44.528Z [jfmd ] [INFO ] [605146513f32152c] [security_keys.go:149          ] [main                ] - Master key is missing. Pending for 60 seconds with 2m0s timeout [init]
2021-11-05T19:07:49.544Z [jfmd ] [INFO ] [605146513f32152c] [security_keys.go:149          ] [main                ] - Master key is missing. Pending for 65 seconds with 2m0s timeout [init]
2021-11-05T19:07:54.551Z [jfmd ] [INFO ] [605146513f32152c] [security_keys.go:149          ] [main                ] - Master key is missing. Pending for 70 seconds with 2m0s timeout [init]
2021-11-05T19:07:59.556Z [jfmd ] [INFO ] [605146513f32152c] [security_keys.go:149          ] [main                ] - Master key is missing. Pending for 75 seconds with 2m0s timeout [init]
2021-11-05T19:08:04.583Z [jfmd ] [INFO ] [605146513f32152c] [security_keys.go:149          ] [main                ] - Master key is missing. Pending for 80 seconds with 2m0s timeout [init]
2021-11-05T19:08:09.600Z [jfmd ] [INFO ] [605146513f32152c] [security_keys.go:149          ] [main                ] - Master key is missing. Pending for 85 seconds with 2m0s timeout [init]
2021-11-05T19:08:14.607Z [jfmd ] [INFO ] [605146513f32152c] [security_keys.go:149          ] [main                ] - Master key is missing. Pending for 90 seconds with 2m0s timeout [init]
2021-11-05T19:08:19.624Z [jfmd ] [INFO ] [605146513f32152c] [security_keys.go:149          ] [main                ] - Master key is missing. Pending for 95 seconds with 2m0s timeout [init]
2021-11-05T19:08:24.637Z [jfmd ] [INFO ] [605146513f32152c] [security_keys.go:149          ] [main                ] - Master key is missing. Pending for 100 seconds with 2m0s timeout [init]
2021-11-05T19:08:29.647Z [jfmd ] [INFO ] [605146513f32152c] [security_keys.go:149          ] [main                ] - Master key is missing. Pending for 105 seconds with 2m0s timeout [init]
2021-11-05T19:08:34.787Z [jfmd ] [INFO ] [605146513f32152c] [security_keys.go:149          ] [main                ] - Master key is missing. Pending for 110 seconds with 2m0s timeout [init]
2021-11-05T19:08:39.798Z [jfmd ] [INFO ] [605146513f32152c] [security_keys.go:149          ] [main                ] - Master key is missing. Pending for 115 seconds with 2m0s timeout [init]
2021-11-05T19:08:44.378Z [jfmd ] [PANIC] [605146513f32152c] [keys.go:23                    ] [main                ] - Failed resolving master key: failed resolving 'shared.security.masterKey' key; file does not exist: /opt/jfrog/artifactory/var/etc/security/master.key
goroutine 1 [running]:
runtime/debug.Stack(0x1790501, 0x4, 0xc0002e6101)
	/src/runtime/debug/stack.go:24 +0x9f
jfrog.com/jfrog-go-commons/v7/pkg/log.(*standardLogger).Panicfc(0xc0006abd80, 0x1b5cd60, 0xc0005e2c90, 0xc0002e6140, 0x96, 0xc000741d98, 0x0, 0x1)
	goroot/pkg/mod/jfrog.com/jfrog-go-commons/v7@v7.26.0/pkg/log/standard_logger.go:85 +0x9e
jfrog.com/metadata/v7/services/common.MustResolveSecurityKeys(0x1b5cd60, 0xc0005e2c90, 0x1b658f8, 0xc000095d60, 0x1b714b0, 0xc0006abd80)
	jfrog.com/metadata/v7@v7.27.0/services/common/keys.go:23 +0x1c2
main.main()
	jfrog.com/metadata/v7@v7.27.0/metadata.go:31 +0x3b1
 [init]
2021-11-05T19:10:10.062Z [jfmd ] [INFO ] [4a25cbcfad21a214] [security_keys.go:149          ] [main                ] - Master key is missing. Pending for 5 seconds with 2m0s timeout [init]
2021-11-05T19:10:15.070Z [jfmd ] [INFO ] [4a25cbcfad21a214] [security_keys.go:149          ] [main                ] - Master key is missing. Pending for 10 seconds with 2m0s timeout [init]
2021-11-05T19:10:20.075Z [jfmd ] [INFO ] [4a25cbcfad21a214] [security_keys.go:149          ] [main                ] - Master key is missing. Pending for 15 seconds with 2m0s timeout [init]
2021-11-05T19:10:25.080Z [jfmd ] [INFO ] [4a25cbcfad21a214] [security_keys.go:149          ] [main                ] - Master key is missing. Pending for 20 seconds with 2m0s timeout [init]
2021-11-05T19:10:30.103Z [jfmd ] [INFO ] [4a25cbcfad21a214] [security_keys.go:149          ] [main                ] - Master key is missing. Pending for 25 seconds with 2m0s timeout [init]
2021-11-05T19:10:35.110Z [jfmd ] [INFO ] [4a25cbcfad21a214] [security_keys.go:149          ] [main                ] - Master key is missing. Pending for 30 seconds with 2m0s timeout [init]
2021-11-05T19:10:40.114Z [jfmd ] [INFO ] [4a25cbcfad21a214] [security_keys.go:149          ] [main                ] - Master key is missing. Pending for 35 seconds with 2m0s timeout [init]
2021-11-05T19:10:45.127Z [jfmd ] [INFO ] [4a25cbcfad21a214] [security_keys.go:149          ] [main                ] - Master key is missing. Pending for 40 seconds with 2m0s timeout [init]
2021-11-05T19:10:50.175Z [jfmd ] [INFO ] [4a25cbcfad21a214] [security_keys.go:149          ] [main                ] - Master key is missing. Pending for 45 seconds with 2m0s timeout [init]
2021-11-05T19:10:55.193Z [jfmd ] [INFO ] [4a25cbcfad21a214] [security_keys.go:149          ] [main                ] - Master key is missing. Pending for 50 seconds with 2m0s timeout [init]
2021-11-05T19:11:00.210Z [jfmd ] [INFO ] [4a25cbcfad21a214] [security_keys.go:149          ] [main                ] - Master key is missing. Pending for 55 seconds with 2m0s timeout [init]
2021-11-05T19:11:05.227Z [jfmd ] [INFO ] [4a25cbcfad21a214] [security_keys.go:149          ] [main                ] - Master key is missing. Pending for 60 seconds with 2m0s timeout [init]
2021-11-05T19:11:10.249Z [jfmd ] [INFO ] [4a25cbcfad21a214] [security_keys.go:149          ] [main                ] - Master key is missing. Pending for 65 seconds with 2m0s timeout [init]
2021-11-05T19:11:15.253Z [jfmd ] [INFO ] [4a25cbcfad21a214] [security_keys.go:149          ] [main                ] - Master key is missing. Pending for 70 seconds with 2m0s timeout [init]
2021-11-05T19:11:20.257Z [jfmd ] [INFO ] [4a25cbcfad21a214] [security_keys.go:149          ] [main                ] - Master key is missing. Pending for 75 seconds with 2m0s timeout [init]
2021-11-05T19:11:25.261Z [jfmd ] [INFO ] [4a25cbcfad21a214] [security_keys.go:149          ] [main                ] - Master key is missing. Pending for 80 seconds with 2m0s timeout [init]
2021-11-05T19:11:30.272Z [jfmd ] [INFO ] [4a25cbcfad21a214] [security_keys.go:149          ] [main                ] - Master key is missing. Pending for 85 seconds with 2m0s timeout [init]
2021-11-05T19:11:35.276Z [jfmd ] [INFO ] [4a25cbcfad21a214] [security_keys.go:149          ] [main                ] - Master key is missing. Pending for 90 seconds with 2m0s timeout [init]
2021-11-05T19:11:40.286Z [jfmd ] [INFO ] [4a25cbcfad21a214] [security_keys.go:149          ] [main                ] - Master key is missing. Pending for 95 seconds with 2m0s timeout [init]
2021-11-05T19:11:45.312Z [jfmd ] [INFO ] [4a25cbcfad21a214] [security_keys.go:149          ] [main                ] - Master key is missing. Pending for 100 seconds with 2m0s timeout [init]
2021-11-05T19:11:50.335Z [jfmd ] [INFO ] [4a25cbcfad21a214] [security_keys.go:149          ] [main                ] - Master key is missing. Pending for 105 seconds with 2m0s timeout [init]
2021-11-05T19:11:55.361Z [jfmd ] [INFO ] [4a25cbcfad21a214] [security_keys.go:149          ] [main                ] - Master key is missing. Pending for 110 seconds with 2m0s timeout [init]
2021-11-07T09:19:24.123Z [jfmd ] [INFO ] [2e9930bfcfeeb1be] [security_keys.go:149          ] [main                ] - Master key is missing. Pending for 5 seconds with 2m0s timeout [init]
2021-11-07T09:19:29.132Z [jfmd ] [INFO ] [2e9930bfcfeeb1be] [security_keys.go:149          ] [main                ] - Master key is missing. Pending for 10 seconds with 2m0s timeout [init]
2021-11-07T09:19:34.186Z [jfmd ] [INFO ] [2e9930bfcfeeb1be] [security_keys.go:149          ] [main                ] - Master key is missing. Pending for 15 seconds with 2m0s timeout [init]
2021-11-07T09:19:39.204Z [jfmd ] [INFO ] [2e9930bfcfeeb1be] [security_keys.go:149          ] [main                ] - Master key is missing. Pending for 20 seconds with 2m0s timeout [init]
2021-11-07T09:19:44.218Z [jfmd ] [INFO ] [2e9930bfcfeeb1be] [security_keys.go:149          ] [main                ] - Master key is missing. Pending for 25 seconds with 2m0s timeout [init]
2021-11-07T09:19:49.236Z [jfmd ] [INFO ] [2e9930bfcfeeb1be] [security_keys.go:149          ] [main                ] - Master key is missing. Pending for 30 seconds with 2m0s timeout [init]
2021-11-07T09:19:54.240Z [jfmd ] [INFO ] [2e9930bfcfeeb1be] [security_keys.go:149          ] [main                ] - Master key is missing. Pending for 35 seconds with 2m0s timeout [init]
2021-11-07T09:19:59.271Z [jfmd ] [INFO ] [2e9930bfcfeeb1be] [security_keys.go:149          ] [main                ] - Master key is missing. Pending for 40 seconds with 2m0s timeout [init]
2021-11-07T09:20:04.278Z [jfmd ] [INFO ] [2e9930bfcfeeb1be] [security_keys.go:149          ] [main                ] - Master key is missing. Pending for 45 seconds with 2m0s timeout [init]
2021-11-07T09:20:09.288Z [jfmd ] [INFO ] [2e9930bfcfeeb1be] [security_keys.go:149          ] [main                ] - Master key is missing. Pending for 50 seconds with 2m0s timeout [init]
2021-11-07T09:20:14.294Z [jfmd ] [INFO ] [2e9930bfcfeeb1be] [security_keys.go:149          ] [main                ] - Master key is missing. Pending for 55 seconds with 2m0s timeout [init]
2021-11-07T09:20:19.318Z [jfmd ] [INFO ] [2e9930bfcfeeb1be] [security_keys.go:149          ] [main                ] - Master key is missing. Pending for 60 seconds with 2m0s timeout [init]
2021-11-07T09:20:24.328Z [jfmd ] [INFO ] [2e9930bfcfeeb1be] [security_keys.go:149          ] [main                ] - Master key is missing. Pending for 65 seconds with 2m0s timeout [init]
2021-11-07T09:20:29.332Z [jfmd ] [INFO ] [2e9930bfcfeeb1be] [security_keys.go:149          ] [main                ] - Master key is missing. Pending for 70 seconds with 2m0s timeout [init]
2021-11-07T09:20:34.333Z [jfmd ] [INFO ] [2e9930bfcfeeb1be] [security_keys.go:149          ] [main                ] - Master key is missing. Pending for 75 seconds with 2m0s timeout [init]
2021-11-07T09:20:39.337Z [jfmd ] [INFO ] [2e9930bfcfeeb1be] [security_keys.go:149          ] [main                ] - Master key is missing. Pending for 80 seconds with 2m0s timeout [init]
2021-11-07T09:20:44.391Z [jfmd ] [INFO ] [2e9930bfcfeeb1be] [security_keys.go:149          ] [main                ] - Master key is missing. Pending for 85 seconds with 2m0s timeout [init]
2021-11-07T09:20:49.395Z [jfmd ] [INFO ] [2e9930bfcfeeb1be] [security_keys.go:149          ] [main                ] - Master key is missing. Pending for 90 seconds with 2m0s timeout [init]
2021-11-07T09:20:54.423Z [jfmd ] [INFO ] [2e9930bfcfeeb1be] [security_keys.go:149          ] [main                ] - Master key is missing. Pending for 95 seconds with 2m0s timeout [init]
2021-11-07T09:20:59.440Z [jfmd ] [INFO ] [2e9930bfcfeeb1be] [security_keys.go:149          ] [main                ] - Master key is missing. Pending for 100 seconds with 2m0s timeout [init]
2021-11-07T09:21:04.445Z [jfmd ] [INFO ] [2e9930bfcfeeb1be] [security_keys.go:149          ] [main                ] - Master key is missing. Pending for 105 seconds with 2m0s timeout [init]
2021-11-07T09:21:09.458Z [jfmd ] [INFO ] [2e9930bfcfeeb1be] [security_keys.go:149          ] [main                ] - Master key is missing. Pending for 110 seconds with 2m0s timeout [init]
2021-11-07T09:21:14.465Z [jfmd ] [INFO ] [2e9930bfcfeeb1be] [security_keys.go:149          ] [main                ] - Master key is missing. Pending for 115 seconds with 2m0s timeout [init]
2021-11-07T09:21:19.122Z [jfmd ] [PANIC] [2e9930bfcfeeb1be] [keys.go:23                    ] [main                ] - Failed resolving master key: failed resolving 'shared.security.masterKey' key; file does not exist: /opt/jfrog/artifactory/var/etc/security/master.key
goroutine 1 [running]:
runtime/debug.Stack(0x1792283, 0x4, 0xc000647a01)
	/src/runtime/debug/stack.go:24 +0x9f
jfrog.com/jfrog-go-commons/v7/pkg/log.(*standardLogger).Panicfc(0xc000577680, 0x1b5eec0, 0xc000521290, 0xc000647ae0, 0x96, 0xc0007d7d98, 0x0, 0x1)
	goroot/pkg/mod/jfrog.com/jfrog-go-commons/v7@v7.28.0/pkg/log/standard_logger.go:85 +0x9e
jfrog.com/metadata/v7/services/common.MustResolveSecurityKeys(0x1b5eec0, 0xc000521290, 0x1b67a10, 0xc000092f50, 0x1b73630, 0xc000577680)
	jfrog.com/metadata/v7@v7.28.0/services/common/keys.go:23 +0x1c2
main.main()
	jfrog.com/metadata/v7@v7.28.0/metadata.go:31 +0x3b1
 [init]
